<?xml version="1.0" encoding="UTF-8"?>
<!-- Generated by org.testng.reporters.JUnitReportReporter -->
<testsuite hostname="AMAC02VW1N8HTD8" failures="0" tests="1" name="runnerFiles.RunCucumberTest" time="0.220" errors="0" timestamp="2020-12-11T19:16:45 IST" skipped="1">
  <testcase classname="runnerFiles.RunCucumberTest" name="runScenario" time="0.220">
    <skipped/>
  </testcase> <!-- runScenario -->
  <system-out/>
</testsuite> <!-- runnerFiles.RunCucumberTest -->
