<?xml version="1.0" encoding="UTF-8"?>
<!-- Generated by org.testng.reporters.JUnitReportReporter -->
<testsuite hostname="AMAC02VW1N8HTD8" failures="0" tests="1" name="runnerFiles.RunCucumberTest" time="0.075" errors="0" timestamp="11 Dec 2020 13:45:58 GMT" skipped="1">
  <testcase classname="runnerFiles.RunCucumberTest" name="runScenario" time="0.075">
    <skipped/>
  </testcase> <!-- runScenario -->
</testsuite> <!-- runnerFiles.RunCucumberTest -->
